1549 [main] INFO  r.o.M.Controller.UserControllerTest - Starting UserControllerTest using Java 18.0.2 on LAPTOP-P8GSHFSD with PID 8908 (started by kaymo in D:\vsCodeProjects\Retail_Order_Project\MakeMyOrder)
1563 [main] DEBUG r.o.M.Controller.UserControllerTest - Running with Spring Boot v2.7.4, Spring v5.3.23
1563 [main] INFO  r.o.M.Controller.UserControllerTest - No active profile set, falling back to 1 default profile: "default"
8920 [main] INFO  r.o.M.Controller.UserControllerTest - Started UserControllerTest in 7.863 seconds (JVM running for 9.895)
1080 [main] INFO  r.o.M.Controller.UserControllerTest - Starting UserControllerTest using Java 18.0.2 on LAPTOP-P8GSHFSD with PID 9924 (started by kaymo in D:\vsCodeProjects\Retail_Order_Project\MakeMyOrder)
1095 [main] DEBUG r.o.M.Controller.UserControllerTest - Running with Spring Boot v2.7.4, Spring v5.3.23
1095 [main] INFO  r.o.M.Controller.UserControllerTest - No active profile set, falling back to 1 default profile: "default"
8559 [main] INFO  r.o.M.Controller.UserControllerTest - Started UserControllerTest in 7.783 seconds (JVM running for 11.508)
9124 [main] ERROR r.o.M.MakeMyOrderApplication - User id: 0 was not found
1293 [main] INFO  r.o.M.Controller.UserControllerTest - Starting UserControllerTest using Java 18.0.2 on LAPTOP-P8GSHFSD with PID 16856 (started by kaymo in D:\vsCodeProjects\Retail_Order_Project\MakeMyOrder)
1293 [main] DEBUG r.o.M.Controller.UserControllerTest - Running with Spring Boot v2.7.4, Spring v5.3.23
1293 [main] INFO  r.o.M.Controller.UserControllerTest - No active profile set, falling back to 1 default profile: "default"
7639 [main] INFO  r.o.M.Controller.UserControllerTest - Started UserControllerTest in 6.71 seconds (JVM running for 8.506)
8110 [main] DEBUG r.o.M.MakeMyOrderApplication - User id: 0 is now saved
1368 [main] INFO  r.o.M.Controller.UserControllerTest - Starting UserControllerTest using Java 18.0.2 on LAPTOP-P8GSHFSD with PID 12016 (started by kaymo in D:\vsCodeProjects\Retail_Order_Project\MakeMyOrder)
1379 [main] DEBUG r.o.M.Controller.UserControllerTest - Running with Spring Boot v2.7.4, Spring v5.3.23
1379 [main] INFO  r.o.M.Controller.UserControllerTest - No active profile set, falling back to 1 default profile: "default"
9463 [main] INFO  r.o.M.Controller.UserControllerTest - Started UserControllerTest in 8.538 seconds (JVM running for 10.409)
9965 [main] ERROR r.o.M.MakeMyOrderApplication - User was not created
1463 [main] INFO  r.o.M.C.OrderControllerTest - Starting OrderControllerTest using Java 18.0.2 on LAPTOP-P8GSHFSD with PID 17948 (started by kaymo in D:\vsCodeProjects\Retail_Order_Project\MakeMyOrder)
1463 [main] DEBUG r.o.M.C.OrderControllerTest - Running with Spring Boot v2.7.4, Spring v5.3.23
1463 [main] INFO  r.o.M.C.OrderControllerTest - No active profile set, falling back to 1 default profile: "default"
8757 [main] INFO  r.o.M.C.OrderControllerTest - Started OrderControllerTest in 7.767 seconds (JVM running for 9.797)
9589 [main] DEBUG r.o.M.MakeMyOrderApplication - Payment number 18 is now saved
9604 [main] DEBUG r.o.M.MakeMyOrderApplication - Address number 18 is now saved
9604 [main] DEBUG r.o.M.MakeMyOrderApplication - Contact number 18 is now saved
9793 [main] DEBUG r.o.M.MakeMyOrderApplication - Order file number 18 is now created file path: src/main/resources/RetailOrders/Hannah/order18.txt
9887 [main] DEBUG r.o.M.MakeMyOrderApplication - Order number 18 is now saved
9918 [main] DEBUG r.o.M.MakeMyOrderApplication - Item number 1 quantity is now updated
9965 [main] DEBUG r.o.M.MakeMyOrderApplication - Transaction number 33 is now saved
9997 [main] DEBUG r.o.M.MakeMyOrderApplication - Item number 2 quantity is now updated
10012 [main] DEBUG r.o.M.MakeMyOrderApplication - Transaction number 34 is now saved
10012 [main] DEBUG r.o.M.MakeMyOrderApplication - order number: 18 is now saved
13824 [main] DEBUG r.o.M.MakeMyOrderApplication - Message Successful to: mkaymon@gmail.com
13824 [main] DEBUG r.o.M.MakeMyOrderApplication - Order summery to: mkaymon@gmail.comwas successful
15048 [main] DEBUG r.o.M.MakeMyOrderApplication - Message Successful to: my.springboot.email@gmail.com
15048 [main] DEBUG r.o.M.MakeMyOrderApplication - Order summery to: my.springboot.email@gmail.comwas successful
1400 [main] INFO  r.o.M.Controller.UserControllerTest - Starting UserControllerTest using Java 18.0.2 on LAPTOP-P8GSHFSD with PID 13020 (started by kaymo in D:\vsCodeProjects\Retail_Order_Project\MakeMyOrder)
1416 [main] DEBUG r.o.M.Controller.UserControllerTest - Running with Spring Boot v2.7.4, Spring v5.3.23
1416 [main] INFO  r.o.M.Controller.UserControllerTest - No active profile set, falling back to 1 default profile: "default"
8527 [main] INFO  r.o.M.Controller.UserControllerTest - Started UserControllerTest in 7.549 seconds (JVM running for 9.511)
9280 [main] DEBUG r.o.M.MakeMyOrderApplication - User is now saved successfully
1366 [main] INFO  r.o.M.Controller.UserControllerTest - Starting UserControllerTest using Java 18.0.2 on LAPTOP-P8GSHFSD with PID 5744 (started by kaymo in D:\vsCodeProjects\Retail_Order_Project\MakeMyOrder)
1366 [main] DEBUG r.o.M.Controller.UserControllerTest - Running with Spring Boot v2.7.4, Spring v5.3.23
1366 [main] INFO  r.o.M.Controller.UserControllerTest - No active profile set, falling back to 1 default profile: "default"
7956 [main] INFO  r.o.M.Controller.UserControllerTest - Started UserControllerTest in 6.991 seconds (JVM running for 8.961)
8796 [main] DEBUG r.o.M.MakeMyOrderApplication - Transaction number 19 is now deleted
8812 [main] DEBUG r.o.M.MakeMyOrderApplication - Transaction number 20 is now deleted
8969 [main] DEBUG r.o.M.MakeMyOrderApplication - Address number 11 is now deleted
8969 [main] DEBUG r.o.M.MakeMyOrderApplication - Contact number 11 is now deleted
8969 [main] DEBUG r.o.M.MakeMyOrderApplication - Payment number 11 is now deleted
8969 [main] DEBUG r.o.M.MakeMyOrderApplication - Order number 11 is now deleted
9000 [main] DEBUG r.o.M.MakeMyOrderApplication - Transaction number 21 is now deleted
9016 [main] DEBUG r.o.M.MakeMyOrderApplication - Transaction number 22 is now deleted
9094 [main] DEBUG r.o.M.MakeMyOrderApplication - Address number 12 is now deleted
9094 [main] DEBUG r.o.M.MakeMyOrderApplication - Contact number 12 is now deleted
9094 [main] DEBUG r.o.M.MakeMyOrderApplication - Payment number 12 is now deleted
9094 [main] DEBUG r.o.M.MakeMyOrderApplication - Order number 12 is now deleted
9173 [main] DEBUG r.o.M.MakeMyOrderApplication - Transaction number 23 is now deleted
9173 [main] DEBUG r.o.M.MakeMyOrderApplication - Transaction number 24 is now deleted
9251 [main] DEBUG r.o.M.MakeMyOrderApplication - Address number 13 is now deleted
9251 [main] DEBUG r.o.M.MakeMyOrderApplication - Contact number 13 is now deleted
9251 [main] DEBUG r.o.M.MakeMyOrderApplication - Payment number 13 is now deleted
9251 [main] DEBUG r.o.M.MakeMyOrderApplication - Order number 13 is now deleted
9283 [main] DEBUG r.o.M.MakeMyOrderApplication - Transaction number 25 is now deleted
9298 [main] DEBUG r.o.M.MakeMyOrderApplication - Transaction number 26 is now deleted
9408 [main] DEBUG r.o.M.MakeMyOrderApplication - Address number 14 is now deleted
9408 [main] DEBUG r.o.M.MakeMyOrderApplication - Contact number 14 is now deleted
9408 [main] DEBUG r.o.M.MakeMyOrderApplication - Payment number 14 is now deleted
9408 [main] DEBUG r.o.M.MakeMyOrderApplication - Order number 14 is now deleted
9439 [main] DEBUG r.o.M.MakeMyOrderApplication - Transaction number 27 is now deleted
9460 [main] DEBUG r.o.M.MakeMyOrderApplication - Transaction number 28 is now deleted
9565 [main] DEBUG r.o.M.MakeMyOrderApplication - Address number 15 is now deleted
9565 [main] DEBUG r.o.M.MakeMyOrderApplication - Contact number 15 is now deleted
9565 [main] DEBUG r.o.M.MakeMyOrderApplication - Payment number 15 is now deleted
9565 [main] DEBUG r.o.M.MakeMyOrderApplication - Order number 15 is now deleted
9597 [main] DEBUG r.o.M.MakeMyOrderApplication - Transaction number 29 is now deleted
9612 [main] DEBUG r.o.M.MakeMyOrderApplication - Transaction number 30 is now deleted
9706 [main] DEBUG r.o.M.MakeMyOrderApplication - Address number 16 is now deleted
9706 [main] DEBUG r.o.M.MakeMyOrderApplication - Contact number 16 is now deleted
9706 [main] DEBUG r.o.M.MakeMyOrderApplication - Payment number 16 is now deleted
9706 [main] DEBUG r.o.M.MakeMyOrderApplication - Order number 16 is now deleted
9738 [main] DEBUG r.o.M.MakeMyOrderApplication - Transaction number 31 is now deleted
9738 [main] DEBUG r.o.M.MakeMyOrderApplication - Transaction number 32 is now deleted
9801 [main] DEBUG r.o.M.MakeMyOrderApplication - Address number 17 is now deleted
9801 [main] DEBUG r.o.M.MakeMyOrderApplication - Contact number 17 is now deleted
9801 [main] DEBUG r.o.M.MakeMyOrderApplication - Payment number 17 is now deleted
9801 [main] DEBUG r.o.M.MakeMyOrderApplication - Order number 17 is now deleted
9816 [main] DEBUG r.o.M.MakeMyOrderApplication - Transaction number 33 is now deleted
9832 [main] DEBUG r.o.M.MakeMyOrderApplication - Transaction number 34 is now deleted
9879 [main] DEBUG r.o.M.MakeMyOrderApplication - Address number 18 is now deleted
9879 [main] DEBUG r.o.M.MakeMyOrderApplication - Contact number 18 is now deleted
9879 [main] DEBUG r.o.M.MakeMyOrderApplication - Payment number 18 is now deleted
9879 [main] DEBUG r.o.M.MakeMyOrderApplication - Order number 18 is now deleted
9910 [main] DEBUG r.o.M.MakeMyOrderApplication - User id: 4 deleted successfully
1442 [main] INFO  r.o.M.MakeMyOrderApplication - Starting MakeMyOrderApplication using Java 18.0.2 on LAPTOP-P8GSHFSD with PID 8208 (D:\vsCodeProjects\Retail_Order_Project\MakeMyOrder\target\classes started by kaymo in D:\vsCodeProjects\Retail_Order_Project\MakeMyOrder)
1457 [main] DEBUG r.o.M.MakeMyOrderApplication - Running with Spring Boot v2.7.4, Spring v5.3.23
1457 [main] INFO  r.o.M.MakeMyOrderApplication - No active profile set, falling back to 1 default profile: "default"
1079 [main] INFO  r.o.M.MakeMyOrderApplication - Starting MakeMyOrderApplication using Java 18.0.2 on LAPTOP-P8GSHFSD with PID 7360 (D:\vsCodeProjects\Retail_Order_Project\MakeMyOrder\target\classes started by kaymo in D:\vsCodeProjects\Retail_Order_Project\MakeMyOrder)
1095 [main] DEBUG r.o.M.MakeMyOrderApplication - Running with Spring Boot v2.7.4, Spring v5.3.23
1095 [main] INFO  r.o.M.MakeMyOrderApplication - No active profile set, falling back to 1 default profile: "default"
1288 [main] INFO  r.o.M.Controller.UserControllerTest - Starting UserControllerTest using Java 18.0.2 on LAPTOP-P8GSHFSD with PID 17460 (started by kaymo in D:\vsCodeProjects\Retail_Order_Project\MakeMyOrder)
1288 [main] DEBUG r.o.M.Controller.UserControllerTest - Running with Spring Boot v2.7.4, Spring v5.3.23
1288 [main] INFO  r.o.M.Controller.UserControllerTest - No active profile set, falling back to 1 default profile: "default"
1434 [main] INFO  r.o.M.Controller.UserControllerTest - Starting UserControllerTest using Java 18.0.2 on LAPTOP-P8GSHFSD with PID 14220 (started by kaymo in D:\vsCodeProjects\Retail_Order_Project\MakeMyOrder)
1434 [main] DEBUG r.o.M.Controller.UserControllerTest - Running with Spring Boot v2.7.4, Spring v5.3.23
1434 [main] INFO  r.o.M.Controller.UserControllerTest - No active profile set, falling back to 1 default profile: "default"
1365 [main] INFO  r.o.M.MakeMyOrderApplication - Starting MakeMyOrderApplication using Java 18.0.2 on LAPTOP-P8GSHFSD with PID 16712 (D:\vsCodeProjects\Retail_Order_Project\MakeMyOrder\target\classes started by kaymo in D:\vsCodeProjects\Retail_Order_Project\MakeMyOrder)
1379 [main] DEBUG r.o.M.MakeMyOrderApplication - Running with Spring Boot v2.7.4, Spring v5.3.23
1379 [main] INFO  r.o.M.MakeMyOrderApplication - No active profile set, falling back to 1 default profile: "default"
1079 [main] INFO  r.o.M.MakeMyOrderApplication - Starting MakeMyOrderApplication using Java 18.0.2 on LAPTOP-P8GSHFSD with PID 17340 (D:\vsCodeProjects\Retail_Order_Project\MakeMyOrder\target\classes started by kaymo in D:\vsCodeProjects\Retail_Order_Project\MakeMyOrder)
1079 [main] DEBUG r.o.M.MakeMyOrderApplication - Running with Spring Boot v2.7.4, Spring v5.3.23
1079 [main] INFO  r.o.M.MakeMyOrderApplication - No active profile set, falling back to 1 default profile: "default"
1205 [main] INFO  r.o.M.MakeMyOrderApplication - Starting MakeMyOrderApplication using Java 18.0.2 on LAPTOP-P8GSHFSD with PID 1584 (D:\vsCodeProjects\Retail_Order_Project\MakeMyOrder\target\classes started by kaymo in D:\vsCodeProjects\Retail_Order_Project\MakeMyOrder)
1218 [main] DEBUG r.o.M.MakeMyOrderApplication - Running with Spring Boot v2.7.4, Spring v5.3.23
1218 [main] INFO  r.o.M.MakeMyOrderApplication - No active profile set, falling back to 1 default profile: "default"
1174 [main] INFO  r.o.M.MakeMyOrderApplication - Starting MakeMyOrderApplication using Java 18.0.2 on LAPTOP-P8GSHFSD with PID 5808 (D:\vsCodeProjects\Retail_Order_Project\MakeMyOrder\target\classes started by kaymo in D:\vsCodeProjects\Retail_Order_Project\MakeMyOrder)
1190 [main] DEBUG r.o.M.MakeMyOrderApplication - Running with Spring Boot v2.7.4, Spring v5.3.23
1190 [main] INFO  r.o.M.MakeMyOrderApplication - No active profile set, falling back to 1 default profile: "default"
1130 [main] INFO  r.o.M.MakeMyOrderApplication - Starting MakeMyOrderApplication using Java 18.0.2 on LAPTOP-P8GSHFSD with PID 7152 (D:\vsCodeProjects\Retail_Order_Project\MakeMyOrder\target\classes started by kaymo in D:\vsCodeProjects\Retail_Order_Project\MakeMyOrder)
1145 [main] DEBUG r.o.M.MakeMyOrderApplication - Running with Spring Boot v2.7.4, Spring v5.3.23
1145 [main] INFO  r.o.M.MakeMyOrderApplication - No active profile set, falling back to 1 default profile: "default"
1089 [main] INFO  r.o.M.MakeMyOrderApplication - Starting MakeMyOrderApplication using Java 18.0.2 on LAPTOP-P8GSHFSD with PID 4616 (D:\vsCodeProjects\Retail_Order_Project\MakeMyOrder\target\classes started by kaymo in D:\vsCodeProjects\Retail_Order_Project\MakeMyOrder)
1093 [main] DEBUG r.o.M.MakeMyOrderApplication - Running with Spring Boot v2.7.4, Spring v5.3.23
1093 [main] INFO  r.o.M.MakeMyOrderApplication - No active profile set, falling back to 1 default profile: "default"
7870 [main] INFO  r.o.M.MakeMyOrderApplication - Started MakeMyOrderApplication in 7.349 seconds (JVM running for 8.23)
1226 [main] INFO  r.o.M.MakeMyOrderApplication - Starting MakeMyOrderApplication using Java 18.0.2 on LAPTOP-P8GSHFSD with PID 11000 (D:\vsCodeProjects\Retail_Order_Project\MakeMyOrder\target\classes started by kaymo in D:\vsCodeProjects\Retail_Order_Project\MakeMyOrder)
1226 [main] DEBUG r.o.M.MakeMyOrderApplication - Running with Spring Boot v2.7.4, Spring v5.3.23
1226 [main] INFO  r.o.M.MakeMyOrderApplication - No active profile set, falling back to 1 default profile: "default"
10226 [main] INFO  r.o.M.MakeMyOrderApplication - Started MakeMyOrderApplication in 9.638 seconds (JVM running for 10.643)
1063 [main] INFO  r.o.M.MakeMyOrderApplication - Starting MakeMyOrderApplication using Java 18.0.2 on LAPTOP-P8GSHFSD with PID 2264 (D:\vsCodeProjects\Retail_Order_Project\MakeMyOrder\target\classes started by kaymo in D:\vsCodeProjects\Retail_Order_Project\MakeMyOrder)
1063 [main] DEBUG r.o.M.MakeMyOrderApplication - Running with Spring Boot v2.7.4, Spring v5.3.23
1063 [main] INFO  r.o.M.MakeMyOrderApplication - No active profile set, falling back to 1 default profile: "default"
10462 [main] INFO  r.o.M.MakeMyOrderApplication - Started MakeMyOrderApplication in 9.983 seconds (JVM running for 10.973)
1235 [main] INFO  r.o.M.MakeMyOrderApplication - Starting MakeMyOrderApplication using Java 18.0.2 on LAPTOP-P8GSHFSD with PID 12752 (D:\vsCodeProjects\Retail_Order_Project\MakeMyOrder\target\classes started by kaymo in D:\vsCodeProjects\Retail_Order_Project\MakeMyOrder)
1235 [main] DEBUG r.o.M.MakeMyOrderApplication - Running with Spring Boot v2.7.4, Spring v5.3.23
1235 [main] INFO  r.o.M.MakeMyOrderApplication - No active profile set, falling back to 1 default profile: "default"
10880 [main] INFO  r.o.M.MakeMyOrderApplication - Started MakeMyOrderApplication in 10.238 seconds (JVM running for 15.182)
1165 [main] INFO  r.o.M.MakeMyOrderApplication - Starting MakeMyOrderApplication using Java 18.0.2 on LAPTOP-P8GSHFSD with PID 19436 (D:\vsCodeProjects\Retail_Order_Project\MakeMyOrder\target\classes started by kaymo in D:\vsCodeProjects\Retail_Order_Project\MakeMyOrder)
1181 [main] DEBUG r.o.M.MakeMyOrderApplication - Running with Spring Boot v2.7.4, Spring v5.3.23
1181 [main] INFO  r.o.M.MakeMyOrderApplication - No active profile set, falling back to 1 default profile: "default"
1199 [main] INFO  r.o.M.MakeMyOrderApplication - Starting MakeMyOrderApplication using Java 18.0.2 on LAPTOP-P8GSHFSD with PID 13024 (D:\vsCodeProjects\Retail_Order_Project\MakeMyOrder\target\classes started by kaymo in D:\vsCodeProjects\Retail_Order_Project\MakeMyOrder)
1199 [main] DEBUG r.o.M.MakeMyOrderApplication - Running with Spring Boot v2.7.4, Spring v5.3.23
1199 [main] INFO  r.o.M.MakeMyOrderApplication - No active profile set, falling back to 1 default profile: "default"
9584 [main] INFO  r.o.M.MakeMyOrderApplication - Started MakeMyOrderApplication in 9.022 seconds (JVM running for 10.048)
1164 [main] INFO  r.o.M.MakeMyOrderApplication - Starting MakeMyOrderApplication using Java 18.0.2 on LAPTOP-P8GSHFSD with PID 17096 (D:\vsCodeProjects\Retail_Order_Project\MakeMyOrder\target\classes started by kaymo in D:\vsCodeProjects\Retail_Order_Project\MakeMyOrder)
1164 [main] DEBUG r.o.M.MakeMyOrderApplication - Running with Spring Boot v2.7.4, Spring v5.3.23
1164 [main] INFO  r.o.M.MakeMyOrderApplication - No active profile set, falling back to 1 default profile: "default"
8422 [main] INFO  r.o.M.MakeMyOrderApplication - Started MakeMyOrderApplication in 7.829 seconds (JVM running for 8.818)
1187 [main] INFO  r.o.M.MakeMyOrderApplication - Starting MakeMyOrderApplication using Java 18.0.2 on LAPTOP-P8GSHFSD with PID 6892 (D:\vsCodeProjects\Retail_Order_Project\MakeMyOrder\target\classes started by kaymo in D:\vsCodeProjects\Retail_Order_Project\MakeMyOrder)
1187 [main] DEBUG r.o.M.MakeMyOrderApplication - Running with Spring Boot v2.7.4, Spring v5.3.23
1187 [main] INFO  r.o.M.MakeMyOrderApplication - No active profile set, falling back to 1 default profile: "default"
8422 [main] INFO  r.o.M.MakeMyOrderApplication - Started MakeMyOrderApplication in 7.89 seconds (JVM running for 8.813)
1263 [main] INFO  r.o.M.MakeMyOrderApplication - Starting MakeMyOrderApplication using Java 18.0.2 on LAPTOP-P8GSHFSD with PID 10760 (D:\vsCodeProjects\Retail_Order_Project\MakeMyOrder\target\classes started by kaymo in D:\vsCodeProjects\Retail_Order_Project\MakeMyOrder)
1264 [main] DEBUG r.o.M.MakeMyOrderApplication - Running with Spring Boot v2.7.4, Spring v5.3.23
1264 [main] INFO  r.o.M.MakeMyOrderApplication - No active profile set, falling back to 1 default profile: "default"
11427 [main] INFO  r.o.M.MakeMyOrderApplication - Started MakeMyOrderApplication in 10.835 seconds (JVM running for 11.837)
168592 [http-nio-8080-exec-2] DEBUG r.o.M.MakeMyOrderApplication - User is now saved successfully
1406 [main] INFO  r.o.M.C.OrderControllerTest - Starting OrderControllerTest using Java 18.0.2 on LAPTOP-P8GSHFSD with PID 16444 (started by kaymo in D:\vsCodeProjects\Retail_Order_Project\MakeMyOrder)
1406 [main] DEBUG r.o.M.C.OrderControllerTest - Running with Spring Boot v2.7.4, Spring v5.3.23
1406 [main] INFO  r.o.M.C.OrderControllerTest - No active profile set, falling back to 1 default profile: "default"
11982 [main] INFO  r.o.M.C.OrderControllerTest - Started OrderControllerTest in 11.013 seconds (JVM running for 13.123)
12891 [main] DEBUG r.o.M.MakeMyOrderApplication - Payment number 19 is now saved
12891 [main] DEBUG r.o.M.MakeMyOrderApplication - Address number 19 is now saved
12891 [main] DEBUG r.o.M.MakeMyOrderApplication - Contact number 19 is now saved
13064 [main] DEBUG r.o.M.MakeMyOrderApplication - Order file number 19 is now created file path: src/main/resources/RetailOrders/Kaymon/order19.txt
13158 [main] DEBUG r.o.M.MakeMyOrderApplication - Order number 19 is now saved
13221 [main] DEBUG r.o.M.MakeMyOrderApplication - Item number 1 quantity is now updated
13346 [main] DEBUG r.o.M.MakeMyOrderApplication - Transaction number 35 is now saved
13378 [main] DEBUG r.o.M.MakeMyOrderApplication - Item number 2 quantity is now updated
13378 [main] DEBUG r.o.M.MakeMyOrderApplication - Transaction number 36 is now saved
13378 [main] DEBUG r.o.M.MakeMyOrderApplication - order number: 19 is now saved
17739 [main] DEBUG r.o.M.MakeMyOrderApplication - Message Successful to: mkaymon@gmail.com
17739 [main] DEBUG r.o.M.MakeMyOrderApplication - Order summery to: mkaymon@gmail.com was successful
17739 [main] INFO  r.o.M.MakeMyOrderApplication - Email order details successfully
19072 [main] DEBUG r.o.M.MakeMyOrderApplication - Message Successful to: my.springboot.email@gmail.com
19072 [main] DEBUG r.o.M.MakeMyOrderApplication - Order summery to: my.springboot.email@gmail.com was successful
19072 [main] INFO  r.o.M.MakeMyOrderApplication - Email order details successfully
1455 [main] INFO  r.o.M.C.OrderControllerTest - Starting OrderControllerTest using Java 18.0.2 on LAPTOP-P8GSHFSD with PID 13328 (started by kaymo in D:\vsCodeProjects\Retail_Order_Project\MakeMyOrder)
1455 [main] DEBUG r.o.M.C.OrderControllerTest - Running with Spring Boot v2.7.4, Spring v5.3.23
1455 [main] INFO  r.o.M.C.OrderControllerTest - No active profile set, falling back to 1 default profile: "default"
9918 [main] INFO  r.o.M.C.OrderControllerTest - Started OrderControllerTest in 8.922 seconds (JVM running for 11.039)
10488 [main] DEBUG r.o.M.MakeMyOrderApplication - Payment number 20 is now saved
10488 [main] DEBUG r.o.M.MakeMyOrderApplication - Address number 20 is now saved
10488 [main] DEBUG r.o.M.MakeMyOrderApplication - Contact number 20 is now saved
10609 [main] DEBUG r.o.M.MakeMyOrderApplication - Order file number 20 is now created file path: src/main/resources/RetailOrders/Kaymon/order20.txt
10687 [main] DEBUG r.o.M.MakeMyOrderApplication - Order number 20 is now saved
10718 [main] DEBUG r.o.M.MakeMyOrderApplication - Item number 1 quantity is now updated
10750 [main] DEBUG r.o.M.MakeMyOrderApplication - Transaction number 37 is now saved
10781 [main] DEBUG r.o.M.MakeMyOrderApplication - Item number 2 quantity is now updated
10813 [main] DEBUG r.o.M.MakeMyOrderApplication - Transaction number 38 is now saved
10813 [main] DEBUG r.o.M.MakeMyOrderApplication - order number: 20 is now saved
12224 [main] DEBUG r.o.M.MakeMyOrderApplication - Message Successful to: mkaymon@gmail.com
12224 [main] DEBUG r.o.M.MakeMyOrderApplication - Order summery to: mkaymon@gmail.com was successful
12224 [main] INFO  r.o.M.MakeMyOrderApplication - Email order details successfully
13135 [main] DEBUG r.o.M.MakeMyOrderApplication - Message Successful to: my.springboot.email@gmail.com
13135 [main] DEBUG r.o.M.MakeMyOrderApplication - Order summery to: my.springboot.email@gmail.com was successful
13135 [main] INFO  r.o.M.MakeMyOrderApplication - Email order details successfully
1202 [main] INFO  r.o.M.MakeMyOrderApplication - Starting MakeMyOrderApplication using Java 18.0.2 on LAPTOP-P8GSHFSD with PID 12280 (D:\vsCodeProjects\Retail_Order_Project\MakeMyOrder\target\classes started by kaymo in D:\vsCodeProjects\Retail_Order_Project\MakeMyOrder)
1202 [main] DEBUG r.o.M.MakeMyOrderApplication - Running with Spring Boot v2.7.4, Spring v5.3.23
1202 [main] INFO  r.o.M.MakeMyOrderApplication - No active profile set, falling back to 1 default profile: "default"
8440 [main] INFO  r.o.M.MakeMyOrderApplication - Started MakeMyOrderApplication in 7.902 seconds (JVM running for 8.804)
1696 [main] INFO  r.o.M.C.OrderControllerTest - Starting OrderControllerTest using Java 18.0.2 on LAPTOP-P8GSHFSD with PID 1132 (started by kaymo in D:\vsCodeProjects\Retail_Order_Project\MakeMyOrder)
1702 [main] DEBUG r.o.M.C.OrderControllerTest - Running with Spring Boot v2.7.4, Spring v5.3.23
1702 [main] INFO  r.o.M.C.OrderControllerTest - No active profile set, falling back to 1 default profile: "default"
11231 [main] INFO  r.o.M.C.OrderControllerTest - Started OrderControllerTest in 9.983 seconds (JVM running for 12.805)
1456 [main] INFO  r.o.M.C.OrderControllerTest - Starting OrderControllerTest using Java 18.0.2 on LAPTOP-P8GSHFSD with PID 11524 (started by kaymo in D:\vsCodeProjects\Retail_Order_Project\MakeMyOrder)
1471 [main] DEBUG r.o.M.C.OrderControllerTest - Running with Spring Boot v2.7.4, Spring v5.3.23
1471 [main] INFO  r.o.M.C.OrderControllerTest - No active profile set, falling back to 1 default profile: "default"
10407 [main] INFO  r.o.M.C.OrderControllerTest - Started OrderControllerTest in 9.404 seconds (JVM running for 11.458)
1464 [main] INFO  r.o.M.C.OrderControllerTest - Starting OrderControllerTest using Java 18.0.2 on LAPTOP-P8GSHFSD with PID 8908 (started by kaymo in D:\vsCodeProjects\Retail_Order_Project\MakeMyOrder)
1464 [main] DEBUG r.o.M.C.OrderControllerTest - Running with Spring Boot v2.7.4, Spring v5.3.23
1464 [main] INFO  r.o.M.C.OrderControllerTest - No active profile set, falling back to 1 default profile: "default"
8988 [main] INFO  r.o.M.C.OrderControllerTest - Started OrderControllerTest in 7.96 seconds (JVM running for 9.945)
1399 [main] INFO  r.o.M.C.OrderControllerTest - Starting OrderControllerTest using Java 18.0.2 on LAPTOP-P8GSHFSD with PID 3228 (started by kaymo in D:\vsCodeProjects\Retail_Order_Project\MakeMyOrder)
1415 [main] DEBUG r.o.M.C.OrderControllerTest - Running with Spring Boot v2.7.4, Spring v5.3.23
1415 [main] INFO  r.o.M.C.OrderControllerTest - No active profile set, falling back to 1 default profile: "default"
10336 [main] INFO  r.o.M.C.OrderControllerTest - Started OrderControllerTest in 9.361 seconds (JVM running for 11.307)
1378 [main] INFO  r.o.M.C.OrderControllerTest - Starting OrderControllerTest using Java 18.0.2 on LAPTOP-P8GSHFSD with PID 14008 (started by kaymo in D:\vsCodeProjects\Retail_Order_Project\MakeMyOrder)
1389 [main] DEBUG r.o.M.C.OrderControllerTest - Running with Spring Boot v2.7.4, Spring v5.3.23
1389 [main] INFO  r.o.M.C.OrderControllerTest - No active profile set, falling back to 1 default profile: "default"
9803 [main] INFO  r.o.M.C.OrderControllerTest - Started OrderControllerTest in 8.869 seconds (JVM running for 10.75)
1632 [main] INFO  r.o.M.C.OrderControllerTest - Starting OrderControllerTest using Java 18.0.2 on LAPTOP-P8GSHFSD with PID 16668 (started by kaymo in D:\vsCodeProjects\Retail_Order_Project\MakeMyOrder)
1647 [main] DEBUG r.o.M.C.OrderControllerTest - Running with Spring Boot v2.7.4, Spring v5.3.23
1649 [main] INFO  r.o.M.C.OrderControllerTest - No active profile set, falling back to 1 default profile: "default"
12573 [main] INFO  r.o.M.C.OrderControllerTest - Started OrderControllerTest in 11.627 seconds (JVM running for 13.963)
1418 [main] INFO  r.o.M.C.OrderControllerTest - Starting OrderControllerTest using Java 18.0.2 on LAPTOP-P8GSHFSD with PID 13024 (started by kaymo in D:\vsCodeProjects\Retail_Order_Project\MakeMyOrder)
1418 [main] DEBUG r.o.M.C.OrderControllerTest - Running with Spring Boot v2.7.4, Spring v5.3.23
1418 [main] INFO  r.o.M.C.OrderControllerTest - No active profile set, falling back to 1 default profile: "default"
9355 [main] INFO  r.o.M.C.OrderControllerTest - Started OrderControllerTest in 8.328 seconds (JVM running for 10.653)
1724 [main] INFO  r.o.M.C.OrderControllerTest - Starting OrderControllerTest using Java 18.0.2 on LAPTOP-P8GSHFSD with PID 9912 (started by kaymo in D:\vsCodeProjects\Retail_Order_Project\MakeMyOrder)
1863 [main] DEBUG r.o.M.C.OrderControllerTest - Running with Spring Boot v2.7.4, Spring v5.3.23
1864 [main] INFO  r.o.M.C.OrderControllerTest - No active profile set, falling back to 1 default profile: "default"
14499 [main] INFO  r.o.M.C.OrderControllerTest - Started OrderControllerTest in 13.397 seconds (JVM running for 15.621)
1255 [main] INFO  r.o.M.MakeMyOrderApplication - Starting MakeMyOrderApplication using Java 18.0.2 on LAPTOP-P8GSHFSD with PID 13548 (D:\vsCodeProjects\Retail_Order_Project\MakeMyOrder\target\classes started by kaymo in D:\vsCodeProjects\Retail_Order_Project\MakeMyOrder)
1255 [main] DEBUG r.o.M.MakeMyOrderApplication - Running with Spring Boot v2.7.4, Spring v5.3.23
1255 [main] INFO  r.o.M.MakeMyOrderApplication - No active profile set, falling back to 1 default profile: "default"
9166 [main] INFO  r.o.M.MakeMyOrderApplication - Started MakeMyOrderApplication in 8.552 seconds (JVM running for 9.647)
1418 [main] INFO  r.o.M.MakeMyOrderApplication - Starting MakeMyOrderApplication using Java 18.0.2 on LAPTOP-P8GSHFSD with PID 11060 (D:\vsCodeProjects\Retail_Order_Project\MakeMyOrder\target\classes started by kaymo in D:\vsCodeProjects\Retail_Order_Project\MakeMyOrder)
1418 [main] DEBUG r.o.M.MakeMyOrderApplication - Running with Spring Boot v2.7.4, Spring v5.3.23
1418 [main] INFO  r.o.M.MakeMyOrderApplication - No active profile set, falling back to 1 default profile: "default"
11841 [main] INFO  r.o.M.MakeMyOrderApplication - Started MakeMyOrderApplication in 11.238 seconds (JVM running for 12.413)
1354 [main] INFO  r.o.M.MakeMyOrderApplication - Starting MakeMyOrderApplication using Java 18.0.2 on LAPTOP-P8GSHFSD with PID 13128 (D:\vsCodeProjects\Retail_Order_Project\MakeMyOrder\target\classes started by kaymo in D:\vsCodeProjects\Retail_Order_Project\MakeMyOrder)
1362 [main] DEBUG r.o.M.MakeMyOrderApplication - Running with Spring Boot v2.7.4, Spring v5.3.23
1362 [main] INFO  r.o.M.MakeMyOrderApplication - No active profile set, falling back to 1 default profile: "default"
11855 [main] INFO  r.o.M.MakeMyOrderApplication - Started MakeMyOrderApplication in 11.284 seconds (JVM running for 12.303)
1364 [main] INFO  r.o.M.MakeMyOrderApplication - Starting MakeMyOrderApplication using Java 18.0.2 on LAPTOP-P8GSHFSD with PID 13472 (D:\vsCodeProjects\Retail_Order_Project\MakeMyOrder\target\classes started by kaymo in D:\vsCodeProjects\Retail_Order_Project\MakeMyOrder)
1364 [main] DEBUG r.o.M.MakeMyOrderApplication - Running with Spring Boot v2.7.4, Spring v5.3.23
1364 [main] INFO  r.o.M.MakeMyOrderApplication - No active profile set, falling back to 1 default profile: "default"
11673 [main] INFO  r.o.M.MakeMyOrderApplication - Started MakeMyOrderApplication in 11.039 seconds (JVM running for 12.193)
1304 [main] INFO  r.o.M.MakeMyOrderApplication - Starting MakeMyOrderApplication using Java 18.0.2 on LAPTOP-P8GSHFSD with PID 12816 (D:\vsCodeProjects\Retail_Order_Project\MakeMyOrder\target\classes started by kaymo in D:\vsCodeProjects\Retail_Order_Project\MakeMyOrder)
1304 [main] DEBUG r.o.M.MakeMyOrderApplication - Running with Spring Boot v2.7.4, Spring v5.3.23
1313 [main] INFO  r.o.M.MakeMyOrderApplication - No active profile set, falling back to 1 default profile: "default"
9885 [main] INFO  r.o.M.MakeMyOrderApplication - Started MakeMyOrderApplication in 9.215 seconds (JVM running for 10.307)
1171 [main] INFO  r.o.M.MakeMyOrderApplication - Starting MakeMyOrderApplication using Java 18.0.2 on LAPTOP-P8GSHFSD with PID 10448 (D:\vsCodeProjects\Retail_Order_Project\MakeMyOrder\target\classes started by kaymo in D:\vsCodeProjects\Retail_Order_Project\MakeMyOrder)
1171 [main] DEBUG r.o.M.MakeMyOrderApplication - Running with Spring Boot v2.7.4, Spring v5.3.23
1171 [main] INFO  r.o.M.MakeMyOrderApplication - No active profile set, falling back to 1 default profile: "default"
8783 [main] INFO  r.o.M.MakeMyOrderApplication - Started MakeMyOrderApplication in 8.228 seconds (JVM running for 9.149)
1282 [main] INFO  r.o.M.MakeMyOrderApplication - Starting MakeMyOrderApplication using Java 18.0.2 on LAPTOP-P8GSHFSD with PID 9348 (D:\vsCodeProjects\Retail_Order_Project\MakeMyOrder\target\classes started by kaymo in D:\vsCodeProjects\Retail_Order_Project\MakeMyOrder)
1298 [main] DEBUG r.o.M.MakeMyOrderApplication - Running with Spring Boot v2.7.4, Spring v5.3.23
1298 [main] INFO  r.o.M.MakeMyOrderApplication - No active profile set, falling back to 1 default profile: "default"
10581 [main] INFO  r.o.M.MakeMyOrderApplication - Started MakeMyOrderApplication in 9.924 seconds (JVM running for 11.062)
1090 [main] INFO  r.o.M.MakeMyOrderApplication - Starting MakeMyOrderApplication using Java 18.0.2 on LAPTOP-P8GSHFSD with PID 15344 (D:\vsCodeProjects\Retail_Order_Project\MakeMyOrder\target\classes started by kaymo in D:\vsCodeProjects\Retail_Order_Project\MakeMyOrder)
1090 [main] DEBUG r.o.M.MakeMyOrderApplication - Running with Spring Boot v2.7.4, Spring v5.3.23
1090 [main] INFO  r.o.M.MakeMyOrderApplication - No active profile set, falling back to 1 default profile: "default"
8736 [main] INFO  r.o.M.MakeMyOrderApplication - Started MakeMyOrderApplication in 8.233 seconds (JVM running for 9.13)
1265 [main] INFO  r.o.M.MakeMyOrderApplication - Starting MakeMyOrderApplication using Java 18.0.2 on LAPTOP-P8GSHFSD with PID 18280 (D:\vsCodeProjects\Retail_Order_Project\MakeMyOrder\target\classes started by kaymo in D:\vsCodeProjects\Retail_Order_Project\MakeMyOrder)
1265 [main] DEBUG r.o.M.MakeMyOrderApplication - Running with Spring Boot v2.7.4, Spring v5.3.23
1265 [main] INFO  r.o.M.MakeMyOrderApplication - No active profile set, falling back to 1 default profile: "default"
9684 [main] INFO  r.o.M.MakeMyOrderApplication - Started MakeMyOrderApplication in 9.074 seconds (JVM running for 10.088)
1615 [main] INFO  r.o.M.MakeMyOrderApplication - Starting MakeMyOrderApplication using Java 18.0.2 on LAPTOP-P8GSHFSD with PID 9628 (D:\vsCodeProjects\Retail_Order_Project\MakeMyOrder\target\classes started by kaymo in D:\vsCodeProjects\Retail_Order_Project\MakeMyOrder)
1623 [main] DEBUG r.o.M.MakeMyOrderApplication - Running with Spring Boot v2.7.4, Spring v5.3.23
1623 [main] INFO  r.o.M.MakeMyOrderApplication - No active profile set, falling back to 1 default profile: "default"
9226 [main] INFO  r.o.M.MakeMyOrderApplication - Started MakeMyOrderApplication in 8.294 seconds (JVM running for 9.76)
1277 [main] INFO  r.o.M.MakeMyOrderApplication - Starting MakeMyOrderApplication using Java 18.0.2 on LAPTOP-P8GSHFSD with PID 11528 (D:\vsCodeProjects\Retail_Order_Project\MakeMyOrder\target\classes started by kaymo in D:\vsCodeProjects\Retail_Order_Project\MakeMyOrder)
1277 [main] DEBUG r.o.M.MakeMyOrderApplication - Running with Spring Boot v2.7.4, Spring v5.3.23
1277 [main] INFO  r.o.M.MakeMyOrderApplication - No active profile set, falling back to 1 default profile: "default"
9055 [main] INFO  r.o.M.MakeMyOrderApplication - Started MakeMyOrderApplication in 8.435 seconds (JVM running for 9.421)
